The MPI test test_mpi for C in mode normal failed to compile with the following output:
Change Dir: /mnt/d/21 Spring/Multicore Processors/project-parallel SAT solver/SAT-Solver/CMakeFiles/CMakeTmp

Run Build Command(s):/usr/bin/gmake cmTC_36690/fast && /usr/bin/gmake -f CMakeFiles/cmTC_36690.dir/build.make CMakeFiles/cmTC_36690.dir/build
gmake[1]: Entering directory '/mnt/d/21 Spring/Multicore Processors/project-parallel SAT solver/SAT-Solver/CMakeFiles/CMakeTmp'
Building C object CMakeFiles/cmTC_36690.dir/test_mpi.c.o
/usr/bin/cc    -o CMakeFiles/cmTC_36690.dir/test_mpi.c.o   -c /usr/share/cmake-3.16/Modules/FindMPI/test_mpi.c
/usr/share/cmake-3.16/Modules/FindMPI/test_mpi.c:1:10: fatal error: mpi.h: No such file or directory
    1 | #include <mpi.h>
      |          ^~~~~~~
compilation terminated.
gmake[1]: *** [CMakeFiles/cmTC_36690.dir/build.make:66: CMakeFiles/cmTC_36690.dir/test_mpi.c.o] Error 1
gmake[1]: Leaving directory '/mnt/d/21 Spring/Multicore Processors/project-parallel SAT solver/SAT-Solver/CMakeFiles/CMakeTmp'
gmake: *** [Makefile:121: cmTC_36690/fast] Error 2



The MPI test test_mpi for CXX in mode normal failed to compile with the following output:
Change Dir: /mnt/d/21 Spring/Multicore Processors/project-parallel SAT solver/SAT-Solver/CMakeFiles/CMakeTmp

Run Build Command(s):/usr/bin/gmake cmTC_36c88/fast && /usr/bin/gmake -f CMakeFiles/cmTC_36c88.dir/build.make CMakeFiles/cmTC_36c88.dir/build
gmake[1]: Entering directory '/mnt/d/21 Spring/Multicore Processors/project-parallel SAT solver/SAT-Solver/CMakeFiles/CMakeTmp'
Building CXX object CMakeFiles/cmTC_36c88.dir/test_mpi.cpp.o
/usr/bin/c++     -o CMakeFiles/cmTC_36c88.dir/test_mpi.cpp.o -c "/mnt/d/21 Spring/Multicore Processors/project-parallel SAT solver/SAT-Solver/CMakeFiles/FindMPI/test_mpi.cpp"
/mnt/d/21 Spring/Multicore Processors/project-parallel SAT solver/SAT-Solver/CMakeFiles/FindMPI/test_mpi.cpp:1:10: fatal error: mpi.h: No such file or directory
    1 | #include <mpi.h>
      |          ^~~~~~~
compilation terminated.
gmake[1]: *** [CMakeFiles/cmTC_36c88.dir/build.make:66: CMakeFiles/cmTC_36c88.dir/test_mpi.cpp.o] Error 1
gmake[1]: Leaving directory '/mnt/d/21 Spring/Multicore Processors/project-parallel SAT solver/SAT-Solver/CMakeFiles/CMakeTmp'
gmake: *** [Makefile:121: cmTC_36c88/fast] Error 2



